  Bohater.cpp
d:\programowanie\smieci\epicgameofepictreasure\epicgameofepictreasure\ekwipunek.h(23): warning C4018: "<": niezgodność typu ze znakiem/bez znaku
d:\programowanie\smieci\epicgameofepictreasure\epicgameofepictreasure\bohater.cpp(205): warning C4018: "<": niezgodność typu ze znakiem/bez znaku
d:\programowanie\smieci\epicgameofepictreasure\epicgameofepictreasure\bohater.cpp(218): warning C4018: "<": niezgodność typu ze znakiem/bez znaku
d:\programowanie\smieci\epicgameofepictreasure\epicgameofepictreasure\bohater.cpp(228): warning C4018: ">=": niezgodność typu ze znakiem/bez znaku
d:\programowanie\smieci\epicgameofepictreasure\epicgameofepictreasure\bohater.cpp(278): warning C4018: "<": niezgodność typu ze znakiem/bez znaku
d:\programowanie\smieci\epicgameofepictreasure\epicgameofepictreasure\bohater.cpp(436): warning C4018: "<": niezgodność typu ze znakiem/bez znaku
  Bronie.cpp
  Ekwipunek.cpp
d:\programowanie\smieci\epicgameofepictreasure\epicgameofepictreasure\ekwipunek.h(23): warning C4018: "<": niezgodność typu ze znakiem/bez znaku
d:\programowanie\smieci\epicgameofepictreasure\epicgameofepictreasure\ekwipunek.cpp(11): warning C4018: "<": niezgodność typu ze znakiem/bez znaku
d:\programowanie\smieci\epicgameofepictreasure\epicgameofepictreasure\ekwipunek.cpp(22): warning C4018: "<": niezgodność typu ze znakiem/bez znaku
d:\programowanie\smieci\epicgameofepictreasure\epicgameofepictreasure\ekwipunek.cpp(37): warning C4018: "<": niezgodność typu ze znakiem/bez znaku
d:\programowanie\smieci\epicgameofepictreasure\epicgameofepictreasure\ekwipunek.cpp(46): warning C4018: "<": niezgodność typu ze znakiem/bez znaku
d:\programowanie\smieci\epicgameofepictreasure\epicgameofepictreasure\ekwipunek.cpp(58): warning C4018: "<": niezgodność typu ze znakiem/bez znaku
d:\programowanie\smieci\epicgameofepictreasure\epicgameofepictreasure\ekwipunek.cpp(70): warning C4018: "<": niezgodność typu ze znakiem/bez znaku
  Event.cpp
d:\programowanie\smieci\epicgameofepictreasure\epicgameofepictreasure\ekwipunek.h(23): warning C4018: "<": niezgodność typu ze znakiem/bez znaku
  Gra.cpp
d:\programowanie\smieci\epicgameofepictreasure\epicgameofepictreasure\ekwipunek.h(23): warning C4018: "<": niezgodność typu ze znakiem/bez znaku
d:\programowanie\smieci\epicgameofepictreasure\epicgameofepictreasure\gra.cpp(526): warning C4018: ">=": niezgodność typu ze znakiem/bez znaku
  PanelAdministratorski.cpp
d:\programowanie\smieci\epicgameofepictreasure\epicgameofepictreasure\ekwipunek.h(23): warning C4018: "<": niezgodność typu ze znakiem/bez znaku
d:\programowanie\smieci\epicgameofepictreasure\epicgameofepictreasure\paneladministratorski.cpp(16): warning C4805: "==": niebezpieczne połączenie typu "int" oraz typu "bool" w operacji
  main.cpp
d:\programowanie\smieci\epicgameofepictreasure\epicgameofepictreasure\ekwipunek.h(23): warning C4018: "<": niezgodność typu ze znakiem/bez znaku
d:\programowanie\smieci\epicgameofepictreasure\epicgameofepictreasure\main.cpp(3): warning C4244: "argument": konwersja z "time_t" do "unsigned int", możliwa utrata danych
  Generowanie kodu...
  EpicGameOfEpicTreasure.vcxproj -> D:\Programowanie\Smieci\EpicGameOfEpicTreasure\Debug\EpicGameOfEpicTreasure.exe
